<?xml version="1.0" encoding="UTF-8"?>
<testng-results skipped="0" failed="0" total="1" passed="1">
  <reporter-output>
  </reporter-output>
  <suite name="Suite" duration-ms="26" started-at="2020-04-21T09:16:22Z" finished-at="2020-04-21T09:16:22Z">
    <groups>
    </groups>
    <test name="Test" duration-ms="26" started-at="2020-04-21T09:16:22Z" finished-at="2020-04-21T09:16:22Z">
      <class name="com.learnautomation.selenium.DemoforMaven">
        <test-method status="PASS" signature="testhello()[pri:0, instance:com.learnautomation.selenium.DemoforMaven@2096442d]" name="testhello" duration-ms="11" started-at="2020-04-21T14:46:22Z" finished-at="2020-04-21T14:46:22Z">
          <reporter-output>
          </reporter-output>
        </test-method> <!-- testhello -->
      </class> <!-- com.learnautomation.selenium.DemoforMaven -->
    </test> <!-- Test -->
  </suite> <!-- Suite -->
</testng-results>
